[debug] [2017-08-10T21:23:13.072Z] ----------------------------------------------------------------------
[debug] [2017-08-10T21:23:13.074Z] Command:      /usr/local/bin/node /usr/local/bin/firebase deploy
[debug] [2017-08-10T21:23:13.074Z] CLI Version:  3.9.1
[debug] [2017-08-10T21:23:13.075Z] Platform:     darwin
[debug] [2017-08-10T21:23:13.075Z] Node Version: v6.11.0
[debug] [2017-08-10T21:23:13.075Z] Time:         Thu Aug 10 2017 14:23:13 GMT-0700 (PDT)
[debug] [2017-08-10T21:23:13.075Z] ----------------------------------------------------------------------
[debug] 
[debug] [2017-08-10T21:23:13.089Z] > command requires scopes: ["email","openid","https://www.googleapis.com/auth/cloudplatformprojects.readonly","https://www.googleapis.com/auth/firebase","https://www.googleapis.com/auth/cloud-platform"]
[debug] [2017-08-10T21:23:13.089Z] > authorizing via signed-in user
[debug] [2017-08-10T21:23:13.092Z] >>> HTTP REQUEST GET https://admin.firebase.com/v1/projects/primer-archimedes  
 Thu Aug 10 2017 14:23:13 GMT-0700 (PDT)
[debug] [2017-08-10T21:23:13.757Z] <<< HTTP RESPONSE 200
[debug] [2017-08-10T21:23:13.758Z] >>> HTTP REQUEST GET https://admin.firebase.com/v1/database/primer-archimedes/tokens  
 Thu Aug 10 2017 14:23:13 GMT-0700 (PDT)
[debug] [2017-08-10T21:23:14.091Z] <<< HTTP RESPONSE 200
[info] 
[info] === Deploying to 'primer-archimedes'...
[info] 
[info] i  deploying hosting
[info] i  hosting: preparing  directory for upload...
[debug] [2017-08-10T21:23:15.107Z] >>> HTTP REQUEST PUT https://deploy.firebase.com/v1/hosting/primer-archimedes/uploads/-KrD0uubILdxpRJRenTz?fileCount=129&message=  
 Thu Aug 10 2017 14:23:15 GMT-0700 (PDT)
[debug] [2017-08-10T21:23:17.313Z] <<< HTTP RESPONSE 200
[debug] [2017-08-10T21:23:17.313Z] [hosting] .tgz uploaded successfully, waiting for extraction
[info] ✔  hosting: 129 files uploaded successfully
[info] i  starting release process (may take several minutes)...
[debug] [2017-08-10T21:23:33.811Z] >>> HTTP REQUEST POST https://deploy.firebase.com/v1/projects/primer-archimedes/releases { hosting: 
   { public: '',
     ignore: [ 'firebase.json', '**/.*', '**/node_modules/**' ],
     headers: [ [Object] ],
     version: '-KrD0uubILdxpRJRenTz',
     prefix: '-KrD0uubILdxpRJRenTz/',
     manifest: [] } } 
 Thu Aug 10 2017 14:23:33 GMT-0700 (PDT)
[debug] [2017-08-10T21:23:37.360Z] <<< HTTP RESPONSE 500
[debug] [2017-08-10T21:23:37.360Z] <<< HTTP RESPONSE BODY
[error] 
[error] Error: HTTP Error: 500, An unknown error occurred. Please contact support.
[debug] [2017-08-10T21:23:37.430Z] Error Context: {
  "body": {
    "error": {
      "code": "UNKNOWN_ERROR",
      "message": "An unknown error occurred. Please contact support."
    }
  },
  "response": {
    "statusCode": 500,
    "body": {
      "error": {
        "code": "UNKNOWN_ERROR",
        "message": "An unknown error occurred. Please contact support."
      }
    },
    "headers": {
      "server": "nginx",
      "date": "Thu, 10 Aug 2017 21:23:38 GMT",
      "content-type": "application/json; charset=utf-8",
      "content-length": "97",
      "connection": "close",
      "access-control-allow-origin": "*",
      "access-control-allow-methods": "GET, PUT, POST, DELETE, OPTIONS",
      "strict-transport-security": "max-age=31556926; includeSubDomains; preload",
      "x-content-type-options": "nosniff"
    },
    "request": {
      "uri": {
        "protocol": "https:",
        "slashes": true,
        "auth": null,
        "host": "deploy.firebase.com",
        "port": 443,
        "hostname": "deploy.firebase.com",
        "hash": null,
        "search": null,
        "query": null,
        "pathname": "/v1/projects/primer-archimedes/releases",
        "path": "/v1/projects/primer-archimedes/releases",
        "href": "https://deploy.firebase.com/v1/projects/primer-archimedes/releases"
      },
      "method": "POST"
    }
  }
}
